mode: atomic
github.com/regeda/expr/memory/links.go:8.25,10.2 1 1
github.com/regeda/expr/memory/links.go:12.50,13.33 1 2
github.com/regeda/expr/memory/links.go:16.2,18.26 3 2
github.com/regeda/expr/memory/links.go:13.33,15.3 1 0
github.com/regeda/expr/memory/memory.go:9.36,11.2 1 5
github.com/regeda/expr/memory/memory.go:13.26,17.2 3 1
github.com/regeda/expr/memory/memory.go:19.60,21.16 2 8
github.com/regeda/expr/memory/memory.go:24.2,24.28 1 6
github.com/regeda/expr/memory/memory.go:21.16,23.3 1 2
github.com/regeda/expr/memory/memory.go:27.63,32.2 1 9
github.com/regeda/expr/memory/memory.go:34.60,36.2 1 1
github.com/regeda/expr/memory/memory.go:38.57,39.15 1 7
github.com/regeda/expr/memory/memory.go:42.2,42.33 1 6
github.com/regeda/expr/memory/memory.go:39.15,41.3 1 1
github.com/regeda/expr/memory/memory.go:45.53,47.16 2 2
github.com/regeda/expr/memory/memory.go:50.2,51.18 2 1
github.com/regeda/expr/memory/memory.go:47.16,49.3 1 1
github.com/regeda/expr/memory/memory.go:54.58,56.16 2 2
github.com/regeda/expr/memory/memory.go:59.2,60.16 2 2
github.com/regeda/expr/memory/memory.go:63.2,64.18 2 2
github.com/regeda/expr/memory/memory.go:56.16,58.3 1 0
github.com/regeda/expr/memory/memory.go:60.16,62.3 1 0
github.com/regeda/expr/memory/memory.go:67.60,69.16 2 1
github.com/regeda/expr/memory/memory.go:72.2,73.18 2 1
github.com/regeda/expr/memory/memory.go:69.16,71.3 1 0
github.com/regeda/expr/memory/type.go:19.31,20.29 1 0
github.com/regeda/expr/memory/type.go:23.2,23.18 1 0
github.com/regeda/expr/memory/type.go:20.29,22.3 1 0
github.com/regeda/expr/memory/addr.go:20.41,25.2 1 3
github.com/regeda/expr/memory/addr.go:27.30,27.59 1 2
github.com/regeda/expr/memory/addr.go:29.33,31.2 1 0
github.com/regeda/expr/memory/addr.go:33.40,35.24 2 0
github.com/regeda/expr/memory/addr.go:35.24,38.3 2 0
github.com/regeda/expr/memory/addr.go:41.38,43.2 1 1
github.com/regeda/expr/memory/addr.go:45.38,47.2 1 3
github.com/regeda/expr/memory/addr.go:49.44,51.2 1 0
github.com/regeda/expr/memory/addr.go:53.32,55.2 1 2
github.com/regeda/expr/memory/addr.go:57.31,59.2 1 1
github.com/regeda/expr/memory/addr.go:61.30,63.2 1 1
github.com/regeda/expr/memory/addr.go:65.34,67.2 1 1
github.com/regeda/expr/memory/addr.go:69.28,71.2 1 0
github.com/regeda/expr/memory/addr.go:73.28,75.2 1 4
github.com/regeda/expr/memory/addr.go:77.41,79.2 1 0
github.com/regeda/expr/memory/grid.go:8.24,10.2 1 1
github.com/regeda/expr/memory/grid.go:12.30,14.2 1 0
github.com/regeda/expr/memory/grid.go:16.29,18.2 1 0
github.com/regeda/expr/memory/grid.go:20.43,21.31 1 9
github.com/regeda/expr/memory/grid.go:24.2,27.17 4 9
github.com/regeda/expr/memory/grid.go:21.31,23.3 1 0
github.com/regeda/expr/memory/grid.go:30.47,31.14 1 0
github.com/regeda/expr/memory/grid.go:34.2,34.23 1 0
github.com/regeda/expr/memory/grid.go:31.14,33.3 1 0
github.com/regeda/expr/memory/heap.go:10.29,12.2 1 15
github.com/regeda/expr/memory/heap.go:14.24,16.2 1 1
github.com/regeda/expr/memory/heap.go:18.51,19.24 1 8
github.com/regeda/expr/memory/heap.go:22.2,24.26 3 6
github.com/regeda/expr/memory/heap.go:19.24,21.3 1 2
github.com/regeda/expr/internal/lexer/lexer.go:27.0,31.0 1 2
github.com/regeda/expr/internal/lexer/lexer.go:33.0,35.0 1 53
github.com/regeda/expr/internal/lexer/lexer.go:37.0,60.0 9 30
github.com/regeda/expr/internal/lexer/lexer.go:98.0,98.0 1 30
github.com/regeda/expr/internal/lexer/lexer.go:102.0,102.0 1 28
github.com/regeda/expr/internal/lexer/lexer.go:106.0,106.0 1 17
github.com/regeda/expr/internal/lexer/lexer.go:60.0,63.0 2 30
github.com/regeda/expr/internal/lexer/lexer.go:66.0,67.0 1 30
github.com/regeda/expr/internal/lexer/lexer.go:70.0,70.0 1 29
github.com/regeda/expr/internal/lexer/lexer.go:72.0,73.0 1 0
github.com/regeda/expr/internal/lexer/lexer.go:198.0,198.0 1 0
github.com/regeda/expr/internal/lexer/lexer.go:201.0,202.0 1 0
github.com/regeda/expr/internal/lexer/lexer.go:326.0,326.0 1 0
github.com/regeda/expr/internal/lexer/lexer.go:328.0,328.0 1 1
github.com/regeda/expr/internal/lexer/lexer.go:331.0,332.0 1 0
github.com/regeda/expr/internal/lexer/lexer.go:350.0,350.0 1 2
github.com/regeda/expr/internal/lexer/lexer.go:367.0,367.0 1 0
github.com/regeda/expr/internal/lexer/lexer.go:370.0,371.0 2 6
github.com/regeda/expr/internal/lexer/lexer.go:373.0,373.0 1 3
github.com/regeda/expr/internal/lexer/lexer.go:377.0,377.0 1 3
github.com/regeda/expr/internal/lexer/lexer.go:380.0,380.0 1 3
github.com/regeda/expr/internal/lexer/lexer.go:55.0,56.0 2 3
github.com/regeda/expr/internal/lexer/lexer.go:58.0,58.0 1 9
github.com/regeda/expr/internal/lexer/lexer.go:391.0,391.0 1 8
github.com/regeda/expr/internal/lexer/lexer.go:394.0,394.0 1 6
github.com/regeda/expr/internal/lexer/lexer.go:55.0,62.0 3 0
github.com/regeda/expr/internal/lexer/lexer.go:61.0,62.0 2 2
github.com/regeda/expr/internal/lexer/lexer.go:59.0,88.0 2 11
github.com/regeda/expr/internal/lexer/lexer.go:89.0,89.0 1 0
github.com/regeda/expr/internal/lexer/lexer.go:89.0,89.1 1 0
github.com/regeda/expr/internal/lexer/lexer.go:57.0,58.0 2 0
github.com/regeda/expr/internal/lexer/lexer.go:62.0,58.0 3 1
github.com/regeda/expr/internal/lexer/lexer.go:63.0,58.0 3 0
github.com/regeda/expr/internal/lexer/lexer.go:60.0,60.0 1 16
github.com/regeda/expr/internal/lexer/lexer.go:437.0,437.0 1 1
github.com/regeda/expr/internal/lexer/lexer.go:55.0,56.1 2 0
github.com/regeda/expr/internal/lexer/lexer.go:58.0,58.1 1 0
github.com/regeda/expr/internal/lexer/lexer.go:448.0,448.0 1 0
github.com/regeda/expr/internal/lexer/lexer.go:451.0,451.0 1 0
github.com/regeda/expr/internal/lexer/lexer.go:55.0,56.2 2 2
github.com/regeda/expr/internal/lexer/lexer.go:58.0,58.2 1 2
github.com/regeda/expr/internal/lexer/lexer.go:462.0,462.0 1 2
github.com/regeda/expr/internal/lexer/lexer.go:465.0,465.0 1 2
github.com/regeda/expr/internal/lexer/lexer.go:55.0,56.3 2 0
github.com/regeda/expr/internal/lexer/lexer.go:58.0,58.3 1 35
github.com/regeda/expr/internal/lexer/lexer.go:61.0,476.0 1 35
github.com/regeda/expr/internal/lexer/lexer.go:484.0,484.0 1 20
github.com/regeda/expr/internal/lexer/lexer.go:501.0,501.0 1 0
github.com/regeda/expr/internal/lexer/lexer.go:59.0,60.0 2 4
github.com/regeda/expr/internal/lexer/lexer.go:62.0,62.0 1 4
github.com/regeda/expr/internal/lexer/lexer.go:65.0,512.0 1 4
github.com/regeda/expr/internal/lexer/lexer.go:518.0,518.0 1 0
github.com/regeda/expr/internal/lexer/lexer.go:521.0,521.0 1 0
github.com/regeda/expr/internal/lexer/lexer.go:60.0,61.0 2 4
github.com/regeda/expr/internal/lexer/lexer.go:63.0,63.0 1 4
github.com/regeda/expr/internal/lexer/lexer.go:66.0,532.0 1 4
github.com/regeda/expr/internal/lexer/lexer.go:548.0,548.0 1 3
github.com/regeda/expr/internal/lexer/lexer.go:556.0,556.0 1 0
github.com/regeda/expr/internal/lexer/lexer.go:558.0,558.0 1 0
github.com/regeda/expr/internal/lexer/lexer.go:562.0,562.0 1 0
github.com/regeda/expr/internal/lexer/lexer.go:565.0,565.0 1 0
github.com/regeda/expr/internal/lexer/lexer.go:55.0,56.4 2 0
github.com/regeda/expr/internal/lexer/lexer.go:58.0,58.4 1 0
github.com/regeda/expr/internal/lexer/lexer.go:576.0,576.0 1 0
github.com/regeda/expr/internal/lexer/lexer.go:579.0,579.0 1 0
github.com/regeda/expr/internal/lexer/lexer.go:55.0,62.1 3 0
github.com/regeda/expr/internal/lexer/lexer.go:61.0,62.1 2 0
github.com/regeda/expr/internal/lexer/lexer.go:62.0,63.0 2 1
github.com/regeda/expr/internal/lexer/lexer.go:63.0,64.0 2 0
github.com/regeda/expr/internal/lexer/lexer.go:66.0,66.0 1 1
github.com/regeda/expr/internal/lexer/lexer.go:69.0,604.0 1 1
github.com/regeda/expr/internal/lexer/lexer.go:612.0,612.0 1 1
github.com/regeda/expr/internal/lexer/lexer.go:615.0,615.0 1 1
github.com/regeda/expr/internal/lexer/lexer.go:62.0,63.1 2 2
github.com/regeda/expr/internal/lexer/lexer.go:63.0,64.1 2 0
github.com/regeda/expr/internal/lexer/lexer.go:66.0,66.1 1 2
github.com/regeda/expr/internal/lexer/lexer.go:69.0,630.0 1 2
github.com/regeda/expr/internal/lexer/lexer.go:644.0,644.0 1 2
github.com/regeda/expr/internal/lexer/lexer.go:652.0,652.0 1 0
github.com/regeda/expr/internal/lexer/lexer.go:55.0,56.5 2 0
github.com/regeda/expr/internal/lexer/lexer.go:58.0,58.5 1 0
github.com/regeda/expr/internal/lexer/lexer.go:663.0,663.0 1 0
github.com/regeda/expr/internal/lexer/lexer.go:666.0,666.0 1 0
github.com/regeda/expr/internal/lexer/lexer.go:55.0,56.6 2 5
github.com/regeda/expr/internal/lexer/lexer.go:58.0,58.6 1 5
github.com/regeda/expr/internal/lexer/lexer.go:61.0,677.0 1 4
github.com/regeda/expr/internal/lexer/lexer.go:685.0,685.0 1 0
github.com/regeda/expr/internal/lexer/lexer.go:693.0,693.0 1 0
github.com/regeda/expr/internal/lexer/lexer.go:55.0,56.7 2 1
github.com/regeda/expr/internal/lexer/lexer.go:58.0,58.7 1 1
github.com/regeda/expr/internal/lexer/lexer.go:704.0,704.0 1 1
github.com/regeda/expr/internal/lexer/lexer.go:707.0,707.0 1 1
github.com/regeda/expr/internal/lexer/lexer.go:709.0,709.0 1 0
github.com/regeda/expr/internal/lexer/lexer.go:713.0,713.0 1 0
github.com/regeda/expr/internal/lexer/lexer.go:716.0,716.0 1 0
github.com/regeda/expr/internal/lexer/lexer.go:718.0,718.0 1 0
github.com/regeda/expr/internal/lexer/lexer.go:722.0,722.0 1 0
github.com/regeda/expr/internal/lexer/lexer.go:725.0,725.0 1 0
github.com/regeda/expr/internal/lexer/lexer.go:727.0,727.0 1 0
github.com/regeda/expr/internal/lexer/lexer.go:731.0,731.0 1 0
github.com/regeda/expr/internal/lexer/lexer.go:734.0,734.0 1 0
github.com/regeda/expr/internal/lexer/lexer.go:736.0,736.0 1 0
github.com/regeda/expr/internal/lexer/lexer.go:739.0,740.0 1 0
github.com/regeda/expr/internal/lexer/lexer.go:748.0,748.0 1 0
github.com/regeda/expr/internal/lexer/lexer.go:751.0,751.0 1 0
github.com/regeda/expr/internal/lexer/lexer.go:55.0,56.8 2 0
github.com/regeda/expr/internal/lexer/lexer.go:58.0,58.8 1 0
github.com/regeda/expr/internal/lexer/lexer.go:762.0,762.0 1 0
github.com/regeda/expr/internal/lexer/lexer.go:765.0,765.0 1 0
github.com/regeda/expr/internal/lexer/lexer.go:767.0,767.0 1 0
github.com/regeda/expr/internal/lexer/lexer.go:771.0,771.0 1 0
github.com/regeda/expr/internal/lexer/lexer.go:774.0,774.0 1 0
github.com/regeda/expr/internal/lexer/lexer.go:55.0,56.9 2 16
github.com/regeda/expr/internal/lexer/lexer.go:58.0,58.9 1 16
github.com/regeda/expr/internal/lexer/lexer.go:61.0,785.0 1 16
github.com/regeda/expr/internal/lexer/lexer.go:795.0,795.0 1 14
github.com/regeda/expr/internal/lexer/lexer.go:812.0,812.0 1 0
github.com/regeda/expr/internal/lexer/lexer.go:814.0,814.0 1 2
github.com/regeda/expr/internal/lexer/lexer.go:817.0,818.0 1 2
github.com/regeda/expr/internal/lexer/lexer.go:828.0,828.0 1 0
github.com/regeda/expr/internal/lexer/lexer.go:845.0,845.0 1 0
github.com/regeda/expr/internal/lexer/lexer.go:847.0,847.0 1 2
github.com/regeda/expr/internal/lexer/lexer.go:850.0,851.0 1 2
github.com/regeda/expr/internal/lexer/lexer.go:861.0,861.0 1 0
github.com/regeda/expr/internal/lexer/lexer.go:878.0,878.0 1 0
github.com/regeda/expr/internal/lexer/lexer.go:880.0,880.0 1 5
github.com/regeda/expr/internal/lexer/lexer.go:883.0,884.0 1 4
github.com/regeda/expr/internal/lexer/lexer.go:894.0,894.0 1 0
github.com/regeda/expr/internal/lexer/lexer.go:911.0,911.0 1 0
github.com/regeda/expr/internal/lexer/lexer.go:913.0,913.0 1 4
github.com/regeda/expr/internal/lexer/lexer.go:917.0,917.0 1 2
github.com/regeda/expr/internal/lexer/lexer.go:920.0,920.0 1 2
github.com/regeda/expr/internal/lexer/lexer.go:932.0,932.0 1 1
github.com/regeda/expr/internal/lexer/lexer.go:55.0,56.10 2 3
github.com/regeda/expr/internal/lexer/lexer.go:58.0,58.10 1 3
github.com/regeda/expr/internal/lexer/lexer.go:61.0,943.0 1 3
github.com/regeda/expr/internal/lexer/lexer.go:953.0,953.0 1 0
github.com/regeda/expr/internal/lexer/lexer.go:970.0,970.0 1 0
github.com/regeda/expr/internal/lexer/lexer.go:972.0,972.0 1 3
github.com/regeda/expr/internal/lexer/lexer.go:975.0,976.0 1 3
github.com/regeda/expr/internal/lexer/lexer.go:986.0,986.0 1 0
github.com/regeda/expr/internal/lexer/lexer.go:1003.0,1003.0 1 0
github.com/regeda/expr/internal/lexer/lexer.go:1005.0,1005.0 1 30
github.com/regeda/expr/internal/lexer/lexer.go:1008.0,1009.0 1 29
github.com/regeda/expr/internal/lexer/lexer.go:1029.0,1029.0 1 9
github.com/regeda/expr/internal/lexer/lexer.go:1046.0,1046.0 1 0
github.com/regeda/expr/internal/lexer/lexer.go:1048.0,1048.0 1 3
github.com/regeda/expr/internal/lexer/lexer.go:1052.0,1052.0 1 3
github.com/regeda/expr/internal/lexer/lexer.go:1055.0,1055.0 1 3
github.com/regeda/expr/internal/lexer/lexer.go:55.0,56.11 2 3
github.com/regeda/expr/internal/lexer/lexer.go:58.0,58.11 1 9
github.com/regeda/expr/internal/lexer/lexer.go:1066.0,1066.0 1 9
github.com/regeda/expr/internal/lexer/lexer.go:1069.0,1069.0 1 6
github.com/regeda/expr/internal/lexer/lexer.go:55.0,62.2 3 0
github.com/regeda/expr/internal/lexer/lexer.go:61.0,62.2 2 3
github.com/regeda/expr/internal/lexer/lexer.go:59.0,88.1 2 3
github.com/regeda/expr/internal/lexer/lexer.go:89.0,89.2 1 0
github.com/regeda/expr/internal/lexer/lexer.go:89.0,89.3 1 0
github.com/regeda/expr/internal/lexer/lexer.go:57.0,58.1 2 3
github.com/regeda/expr/internal/lexer/lexer.go:62.0,63.2 2 3
github.com/regeda/expr/internal/lexer/lexer.go:62.0,58.1 3 4
github.com/regeda/expr/internal/lexer/lexer.go:63.0,64.2 2 1
github.com/regeda/expr/internal/lexer/lexer.go:63.0,58.1 3 0
github.com/regeda/expr/internal/lexer/lexer.go:60.0,60.1 1 29
github.com/regeda/expr/internal/lexer/lexer.go:63.0,1120.0 1 28
github.com/regeda/expr/internal/lexer/lexer.go:1128.0,1128.0 1 0
github.com/regeda/expr/internal/lexer/lexer.go:1131.0,1131.0 1 0
github.com/regeda/expr/internal/lexer/lexer.go:57.0,90.0 2 16
github.com/regeda/expr/internal/lexer/lexer.go:91.0,91.0 1 0
github.com/regeda/expr/internal/lexer/lexer.go:62.0,90.0 3 2
github.com/regeda/expr/internal/lexer/lexer.go:91.0,91.1 1 0
github.com/regeda/expr/internal/lexer/lexer.go:63.0,90.0 3 2
github.com/regeda/expr/internal/lexer/lexer.go:91.0,91.2 1 0
github.com/regeda/expr/internal/lexer/lexer.go:93.0,93.0 1 0
github.com/regeda/expr/internal/lexer/lexer.go:1160.0,1160.0 1 0
github.com/regeda/expr/internal/lexer/lexer.go:62.0,63.3 2 0
github.com/regeda/expr/internal/lexer/lexer.go:63.0,64.3 2 0
github.com/regeda/expr/internal/lexer/lexer.go:66.0,66.2 1 12
github.com/regeda/expr/internal/lexer/lexer.go:69.0,1175.0 1 12
github.com/regeda/expr/internal/lexer/lexer.go:1193.0,1193.0 1 3
github.com/regeda/expr/internal/lexer/lexer.go:1210.0,1210.0 1 0
github.com/regeda/expr/internal/lexer/lexer.go:55.0,56.12 2 0
github.com/regeda/expr/internal/lexer/lexer.go:58.0,58.12 1 0
github.com/regeda/expr/internal/lexer/lexer.go:1221.0,1221.0 1 0
github.com/regeda/expr/internal/lexer/lexer.go:1224.0,1224.0 1 0
github.com/regeda/expr/internal/lexer/lexer.go:55.0,56.13 2 5
github.com/regeda/expr/internal/lexer/lexer.go:58.0,58.13 1 5
github.com/regeda/expr/internal/lexer/lexer.go:61.0,1235.0 1 5
github.com/regeda/expr/internal/lexer/lexer.go:1243.0,1243.0 1 0
github.com/regeda/expr/internal/lexer/lexer.go:1251.0,1251.0 1 0
github.com/regeda/expr/internal/lexer/lexer.go:55.0,56.14 2 7
github.com/regeda/expr/internal/lexer/lexer.go:58.0,58.14 1 21
github.com/regeda/expr/internal/lexer/lexer.go:61.0,1262.0 1 21
github.com/regeda/expr/internal/lexer/lexer.go:1270.0,1270.0 1 14
github.com/regeda/expr/internal/lexer/lexer.go:1287.0,1287.0 1 0
github.com/regeda/expr/internal/lexer/lexer.go:59.0,60.1 2 4
github.com/regeda/expr/internal/lexer/lexer.go:62.0,62.1 1 4
github.com/regeda/expr/internal/lexer/lexer.go:65.0,1298.0 1 4
github.com/regeda/expr/internal/lexer/lexer.go:1304.0,1304.0 1 0
github.com/regeda/expr/internal/lexer/lexer.go:1307.0,1307.0 1 0
github.com/regeda/expr/internal/lexer/lexer.go:60.0,61.1 2 7
github.com/regeda/expr/internal/lexer/lexer.go:63.0,63.1 1 9
github.com/regeda/expr/internal/lexer/lexer.go:66.0,1318.0 1 9
github.com/regeda/expr/internal/lexer/lexer.go:1334.0,1334.0 1 5
github.com/regeda/expr/internal/lexer/lexer.go:1342.0,1342.0 1 0
github.com/regeda/expr/internal/lexer/lexer.go:1344.0,1344.0 1 1
github.com/regeda/expr/internal/lexer/lexer.go:1348.0,1348.0 1 1
github.com/regeda/expr/internal/lexer/lexer.go:1351.0,1351.0 1 1
github.com/regeda/expr/internal/lexer/lexer.go:55.0,56.15 2 1
github.com/regeda/expr/internal/lexer/lexer.go:58.0,58.15 1 3
github.com/regeda/expr/internal/lexer/lexer.go:1362.0,1362.0 1 3
github.com/regeda/expr/internal/lexer/lexer.go:1365.0,1365.0 1 2
github.com/regeda/expr/internal/lexer/lexer.go:55.0,62.3 3 0
github.com/regeda/expr/internal/lexer/lexer.go:61.0,62.3 2 1
github.com/regeda/expr/internal/lexer/lexer.go:62.0,63.4 2 1
github.com/regeda/expr/internal/lexer/lexer.go:63.0,64.4 2 1
github.com/regeda/expr/internal/lexer/lexer.go:66.0,66.3 1 4
github.com/regeda/expr/internal/lexer/lexer.go:69.0,1390.0 1 4
github.com/regeda/expr/internal/lexer/lexer.go:1398.0,1398.0 1 0
github.com/regeda/expr/internal/lexer/lexer.go:1401.0,1401.0 1 0
github.com/regeda/expr/internal/lexer/lexer.go:62.0,63.5 2 5
github.com/regeda/expr/internal/lexer/lexer.go:63.0,64.5 2 0
github.com/regeda/expr/internal/lexer/lexer.go:66.0,66.4 1 10
github.com/regeda/expr/internal/lexer/lexer.go:69.0,1416.0 1 10
github.com/regeda/expr/internal/lexer/lexer.go:1430.0,1430.0 1 5
github.com/regeda/expr/internal/lexer/lexer.go:1438.0,1438.0 1 0
github.com/regeda/expr/internal/lexer/lexer.go:55.0,56.16 2 0
github.com/regeda/expr/internal/lexer/lexer.go:58.0,58.16 1 0
github.com/regeda/expr/internal/lexer/lexer.go:1449.0,1449.0 1 0
github.com/regeda/expr/internal/lexer/lexer.go:1452.0,1452.0 1 0
github.com/regeda/expr/internal/lexer/lexer.go:55.0,56.17 2 10
github.com/regeda/expr/internal/lexer/lexer.go:58.0,58.17 1 10
github.com/regeda/expr/internal/lexer/lexer.go:61.0,1463.0 1 10
github.com/regeda/expr/internal/lexer/lexer.go:1471.0,1471.0 1 0
github.com/regeda/expr/internal/lexer/lexer.go:1479.0,1479.0 1 0
github.com/regeda/expr/internal/lexer/lexer.go:55.0,56.18 2 0
github.com/regeda/expr/internal/lexer/lexer.go:58.0,58.18 1 0
github.com/regeda/expr/internal/lexer/lexer.go:1490.0,1490.0 1 0
github.com/regeda/expr/internal/lexer/lexer.go:1493.0,1493.0 1 0
github.com/regeda/expr/internal/lexer/lexer.go:1495.0,1495.0 1 0
github.com/regeda/expr/internal/lexer/lexer.go:1499.0,1499.0 1 0
github.com/regeda/expr/internal/lexer/lexer.go:1502.0,1502.0 1 0
github.com/regeda/expr/internal/lexer/lexer.go:1504.0,1504.0 1 0
github.com/regeda/expr/internal/lexer/lexer.go:1508.0,1508.0 1 0
github.com/regeda/expr/internal/lexer/lexer.go:1511.0,1511.0 1 0
github.com/regeda/expr/internal/lexer/lexer.go:1513.0,1513.0 1 1
github.com/regeda/expr/internal/lexer/lexer.go:1517.0,1517.0 1 1
github.com/regeda/expr/internal/lexer/lexer.go:1520.0,1520.0 1 0
github.com/regeda/expr/internal/lexer/lexer.go:1522.0,1522.0 1 1
github.com/regeda/expr/internal/lexer/lexer.go:1525.0,1526.0 1 1
github.com/regeda/expr/internal/lexer/lexer.go:1534.0,1534.0 1 0
github.com/regeda/expr/internal/lexer/lexer.go:1537.0,1537.0 1 0
github.com/regeda/expr/internal/lexer/lexer.go:55.0,56.19 2 1
github.com/regeda/expr/internal/lexer/lexer.go:58.0,58.19 1 1
github.com/regeda/expr/internal/lexer/lexer.go:1548.0,1548.0 1 1
github.com/regeda/expr/internal/lexer/lexer.go:1551.0,1551.0 1 0
github.com/regeda/expr/internal/lexer/lexer.go:1553.0,1553.0 1 1
github.com/regeda/expr/internal/lexer/lexer.go:1557.0,1557.0 1 1
github.com/regeda/expr/internal/lexer/lexer.go:1560.0,1560.0 1 0
github.com/regeda/expr/internal/lexer/lexer.go:55.0,56.20 2 0
github.com/regeda/expr/internal/lexer/lexer.go:58.0,58.20 1 0
github.com/regeda/expr/internal/lexer/lexer.go:61.0,1571.0 1 0
github.com/regeda/expr/internal/lexer/lexer.go:1581.0,1581.0 1 0
github.com/regeda/expr/internal/lexer/lexer.go:1598.0,1598.0 1 0
github.com/regeda/expr/internal/lexer/lexer.go:1600.0,1600.0 1 0
github.com/regeda/expr/internal/lexer/lexer.go:1603.0,1604.0 1 0
github.com/regeda/expr/internal/lexer/lexer.go:1614.0,1614.0 1 0
github.com/regeda/expr/internal/lexer/lexer.go:1631.0,1631.0 1 0
github.com/regeda/expr/internal/lexer/lexer.go:1633.0,1633.0 1 0
github.com/regeda/expr/internal/lexer/lexer.go:1636.0,1637.0 1 0
github.com/regeda/expr/internal/lexer/lexer.go:1647.0,1647.0 1 0
github.com/regeda/expr/internal/lexer/lexer.go:1664.0,1664.0 1 0
github.com/regeda/expr/internal/lexer/lexer.go:1666.0,1666.0 1 3
github.com/regeda/expr/internal/lexer/lexer.go:1669.0,1670.0 1 3
github.com/regeda/expr/internal/lexer/lexer.go:1680.0,1680.0 1 0
github.com/regeda/expr/internal/lexer/lexer.go:1697.0,1697.0 1 0
github.com/regeda/expr/internal/lexer/lexer.go:1699.0,1699.0 1 3
github.com/regeda/expr/internal/lexer/lexer.go:1702.0,1703.0 1 3
github.com/regeda/expr/internal/lexer/lexer.go:1713.0,1713.0 1 0
github.com/regeda/expr/internal/lexer/lexer.go:1730.0,1730.0 1 0
github.com/regeda/expr/internal/lexer/lexer.go:55.0,56.21 2 3
github.com/regeda/expr/internal/lexer/lexer.go:58.0,58.21 1 3
github.com/regeda/expr/internal/lexer/lexer.go:61.0,1741.0 1 3
github.com/regeda/expr/internal/lexer/lexer.go:1751.0,1751.0 1 0
github.com/regeda/expr/internal/lexer/lexer.go:1768.0,1768.0 1 0
github.com/regeda/expr/internal/lexer/lexer.go:1770.0,1770.0 1 3
github.com/regeda/expr/internal/lexer/lexer.go:1773.0,1774.0 1 3
github.com/regeda/expr/internal/lexer/lexer.go:1784.0,1784.0 1 0
github.com/regeda/expr/internal/lexer/lexer.go:1801.0,1801.0 1 0
github.com/regeda/expr/internal/lexer/lexer.go:1803.0,1803.0 2 1
github.com/regeda/expr/internal/lexer/lexer.go:1804.0,1804.0 2 0
github.com/regeda/expr/internal/lexer/lexer.go:1805.0,1805.0 2 1
github.com/regeda/expr/internal/lexer/lexer.go:1806.0,1806.0 2 15
github.com/regeda/expr/internal/lexer/lexer.go:1807.0,1807.0 2 0
github.com/regeda/expr/internal/lexer/lexer.go:1808.0,1808.0 2 0
github.com/regeda/expr/internal/lexer/lexer.go:1809.0,1809.0 2 0
github.com/regeda/expr/internal/lexer/lexer.go:1810.0,1810.0 2 0
github.com/regeda/expr/internal/lexer/lexer.go:1811.0,1811.0 2 0
github.com/regeda/expr/internal/lexer/lexer.go:1812.0,1812.0 2 0
github.com/regeda/expr/internal/lexer/lexer.go:1813.0,1813.0 2 0
github.com/regeda/expr/internal/lexer/lexer.go:1814.0,1814.0 2 0
github.com/regeda/expr/internal/lexer/lexer.go:1815.0,1815.0 2 0
github.com/regeda/expr/internal/lexer/lexer.go:1816.0,1816.0 2 0
github.com/regeda/expr/internal/lexer/lexer.go:1817.0,1817.0 2 1
github.com/regeda/expr/internal/lexer/lexer.go:1818.0,1818.0 2 0
github.com/regeda/expr/internal/lexer/lexer.go:1819.0,1819.0 2 0
github.com/regeda/expr/internal/lexer/lexer.go:1820.0,1820.0 2 0
github.com/regeda/expr/internal/lexer/lexer.go:1821.0,1821.0 2 0
github.com/regeda/expr/internal/lexer/lexer.go:1822.0,1822.0 2 0
github.com/regeda/expr/internal/lexer/lexer.go:1823.0,1823.0 2 0
github.com/regeda/expr/internal/lexer/lexer.go:1824.0,1824.0 2 0
github.com/regeda/expr/internal/lexer/lexer.go:1825.0,1825.0 2 0
github.com/regeda/expr/internal/lexer/lexer.go:1826.0,1826.0 2 0
github.com/regeda/expr/internal/lexer/lexer.go:1827.0,1827.0 2 0
github.com/regeda/expr/internal/lexer/lexer.go:1828.0,1828.0 2 1
github.com/regeda/expr/internal/lexer/lexer.go:1829.0,1829.0 2 2
github.com/regeda/expr/internal/lexer/lexer.go:1830.0,1830.0 2 0
github.com/regeda/expr/internal/lexer/lexer.go:1831.0,1831.0 2 0
github.com/regeda/expr/internal/lexer/lexer.go:1832.0,1832.0 2 1
github.com/regeda/expr/internal/lexer/lexer.go:1833.0,1833.0 2 0
github.com/regeda/expr/internal/lexer/lexer.go:1834.0,1834.0 2 0
github.com/regeda/expr/internal/lexer/lexer.go:1835.0,1835.0 2 1
github.com/regeda/expr/internal/lexer/lexer.go:1836.0,1836.0 2 0
github.com/regeda/expr/internal/lexer/lexer.go:1837.0,1837.0 2 0
github.com/regeda/expr/internal/lexer/lexer.go:1838.0,1838.0 2 0
github.com/regeda/expr/internal/lexer/lexer.go:1839.0,1839.0 2 0
github.com/regeda/expr/internal/lexer/lexer.go:1840.0,1840.0 2 0
github.com/regeda/expr/internal/lexer/lexer.go:1841.0,1841.0 2 0
github.com/regeda/expr/internal/lexer/lexer.go:1842.0,1842.0 2 0
github.com/regeda/expr/internal/lexer/lexer.go:1843.0,1843.0 2 0
github.com/regeda/expr/internal/lexer/lexer.go:1844.0,1844.0 2 0
github.com/regeda/expr/internal/lexer/lexer.go:1845.0,1845.0 2 0
github.com/regeda/expr/internal/lexer/lexer.go:1846.0,1846.0 2 0
github.com/regeda/expr/internal/lexer/lexer.go:1847.0,1847.0 2 0
github.com/regeda/expr/internal/lexer/lexer.go:1848.0,1848.0 2 0
github.com/regeda/expr/internal/lexer/lexer.go:1849.0,1849.0 2 0
github.com/regeda/expr/internal/lexer/lexer.go:1850.0,1850.0 2 0
github.com/regeda/expr/internal/lexer/lexer.go:1851.0,1851.0 2 0
github.com/regeda/expr/internal/lexer/lexer.go:1852.0,1852.0 2 0
github.com/regeda/expr/internal/lexer/lexer.go:1853.0,1853.0 2 0
github.com/regeda/expr/internal/lexer/lexer.go:1854.0,1854.0 2 0
github.com/regeda/expr/internal/lexer/lexer.go:1855.0,1855.0 2 0
github.com/regeda/expr/internal/lexer/lexer.go:1856.0,1856.0 2 0
github.com/regeda/expr/internal/lexer/lexer.go:1857.0,1857.0 2 0
github.com/regeda/expr/internal/lexer/lexer.go:1858.0,1858.0 2 0
github.com/regeda/expr/internal/lexer/lexer.go:1859.0,1859.0 2 0
github.com/regeda/expr/internal/lexer/lexer.go:1860.0,1860.0 2 0
github.com/regeda/expr/internal/lexer/lexer.go:1861.0,1861.0 2 0
github.com/regeda/expr/internal/lexer/lexer.go:1862.0,1862.0 2 0
github.com/regeda/expr/internal/lexer/lexer.go:1865.0,1865.0 1 24
github.com/regeda/expr/internal/lexer/lexer.go:67.0,68.0 1 1
github.com/regeda/expr/internal/lexer/lexer.go:74.0,75.0 1 0
github.com/regeda/expr/internal/lexer/lexer.go:76.0,77.0 1 0
github.com/regeda/expr/internal/lexer/lexer.go:78.0,79.0 1 0
github.com/regeda/expr/internal/lexer/lexer.go:80.0,81.0 1 0
github.com/regeda/expr/internal/lexer/lexer.go:82.0,83.0 1 13
github.com/regeda/expr/internal/lexer/lexer.go:84.0,85.0 1 0
github.com/regeda/expr/internal/lexer/lexer.go:86.0,87.0 1 0
github.com/regeda/expr/internal/lexer/lexer.go:88.0,89.0 1 0
github.com/regeda/expr/internal/lexer/lexer.go:90.0,91.0 1 0
github.com/regeda/expr/internal/lexer/lexer.go:92.0,93.0 1 0
github.com/regeda/expr/internal/lexer/lexer.go:94.0,95.0 1 0
github.com/regeda/expr/internal/lexer/lexer.go:96.0,97.0 1 0
github.com/regeda/expr/internal/lexer/lexer.go:98.0,99.0 1 0
github.com/regeda/expr/internal/lexer/lexer.go:100.0,101.0 1 0
github.com/regeda/expr/internal/lexer/lexer.go:102.0,103.0 1 0
github.com/regeda/expr/internal/lexer/lexer.go:104.0,105.0 1 0
github.com/regeda/expr/internal/lexer/lexer.go:106.0,107.0 1 0
github.com/regeda/expr/internal/lexer/lexer.go:108.0,109.0 1 0
github.com/regeda/expr/internal/lexer/lexer.go:110.0,111.0 1 0
github.com/regeda/expr/internal/lexer/lexer.go:112.0,113.0 1 0
github.com/regeda/expr/internal/lexer/lexer.go:114.0,115.0 1 0
github.com/regeda/expr/internal/lexer/lexer.go:116.0,117.0 1 0
github.com/regeda/expr/internal/lexer/lexer.go:118.0,119.0 1 0
github.com/regeda/expr/internal/lexer/lexer.go:120.0,121.0 1 0
github.com/regeda/expr/internal/lexer/lexer.go:122.0,123.0 1 0
github.com/regeda/expr/internal/lexer/lexer.go:124.0,125.0 1 0
github.com/regeda/expr/internal/lexer/lexer.go:126.0,127.0 1 0
github.com/regeda/expr/internal/lexer/lexer.go:128.0,129.0 1 0
github.com/regeda/expr/internal/lexer/lexer.go:130.0,131.0 1 0
github.com/regeda/expr/internal/lexer/lexer.go:132.0,133.0 1 0
github.com/regeda/expr/internal/lexer/lexer.go:134.0,135.0 1 0
github.com/regeda/expr/internal/lexer/lexer.go:136.0,137.0 1 0
github.com/regeda/expr/internal/lexer/lexer.go:138.0,139.0 1 0
github.com/regeda/expr/internal/lexer/lexer.go:140.0,141.0 1 7
github.com/regeda/expr/internal/lexer/lexer.go:142.0,143.0 1 0
github.com/regeda/expr/internal/lexer/lexer.go:144.0,145.0 1 0
github.com/regeda/expr/internal/lexer/lexer.go:146.0,147.0 1 0
github.com/regeda/expr/internal/lexer/lexer.go:148.0,149.0 1 0
github.com/regeda/expr/internal/lexer/lexer.go:150.0,151.0 1 0
github.com/regeda/expr/internal/lexer/lexer.go:152.0,153.0 1 0
github.com/regeda/expr/internal/lexer/lexer.go:154.0,155.0 1 0
github.com/regeda/expr/internal/lexer/lexer.go:156.0,157.0 1 0
github.com/regeda/expr/internal/lexer/lexer.go:158.0,159.0 1 0
github.com/regeda/expr/internal/lexer/lexer.go:160.0,161.0 1 0
github.com/regeda/expr/internal/lexer/lexer.go:162.0,163.0 1 0
github.com/regeda/expr/internal/lexer/lexer.go:164.0,165.0 1 0
github.com/regeda/expr/internal/lexer/lexer.go:166.0,167.0 1 0
github.com/regeda/expr/internal/lexer/lexer.go:168.0,169.0 1 0
github.com/regeda/expr/internal/lexer/lexer.go:170.0,171.0 1 0
github.com/regeda/expr/internal/lexer/lexer.go:172.0,173.0 1 0
github.com/regeda/expr/internal/lexer/lexer.go:174.0,175.0 1 0
github.com/regeda/expr/internal/lexer/lexer.go:176.0,177.0 1 0
github.com/regeda/expr/internal/lexer/lexer.go:178.0,179.0 1 0
github.com/regeda/expr/internal/lexer/lexer.go:180.0,181.0 1 0
github.com/regeda/expr/internal/lexer/lexer.go:182.0,183.0 1 0
github.com/regeda/expr/internal/lexer/lexer.go:184.0,185.0 1 0
github.com/regeda/expr/internal/lexer/lexer.go:186.0,187.0 1 0
github.com/regeda/expr/internal/lexer/lexer.go:188.0,189.0 1 0
github.com/regeda/expr/internal/lexer/lexer.go:190.0,191.0 1 0
github.com/regeda/expr/internal/lexer/lexer.go:192.0,193.0 1 0
github.com/regeda/expr/internal/lexer/lexer.go:194.0,195.0 1 0
github.com/regeda/expr/internal/lexer/lexer.go:198.0,199.0 1 0
github.com/regeda/expr/internal/lexer/lexer.go:203.0,204.0 1 29
github.com/regeda/expr/internal/lexer/lexer.go:205.0,206.0 1 0
github.com/regeda/expr/internal/lexer/lexer.go:207.0,208.0 1 0
github.com/regeda/expr/internal/lexer/lexer.go:209.0,210.0 1 0
github.com/regeda/expr/internal/lexer/lexer.go:211.0,212.0 1 0
github.com/regeda/expr/internal/lexer/lexer.go:213.0,214.0 1 0
github.com/regeda/expr/internal/lexer/lexer.go:215.0,216.0 1 0
github.com/regeda/expr/internal/lexer/lexer.go:217.0,218.0 1 0
github.com/regeda/expr/internal/lexer/lexer.go:219.0,220.0 1 0
github.com/regeda/expr/internal/lexer/lexer.go:221.0,222.0 1 0
github.com/regeda/expr/internal/lexer/lexer.go:223.0,224.0 1 0
github.com/regeda/expr/internal/lexer/lexer.go:225.0,226.0 1 0
github.com/regeda/expr/internal/lexer/lexer.go:227.0,228.0 1 0
github.com/regeda/expr/internal/lexer/lexer.go:229.0,230.0 1 0
github.com/regeda/expr/internal/lexer/lexer.go:231.0,232.0 1 0
github.com/regeda/expr/internal/lexer/lexer.go:233.0,234.0 1 0
github.com/regeda/expr/internal/lexer/lexer.go:235.0,236.0 1 0
github.com/regeda/expr/internal/lexer/lexer.go:237.0,238.0 1 0
github.com/regeda/expr/internal/lexer/lexer.go:239.0,240.0 1 0
github.com/regeda/expr/internal/lexer/lexer.go:241.0,242.0 1 0
github.com/regeda/expr/internal/lexer/lexer.go:243.0,244.0 1 0
github.com/regeda/expr/internal/lexer/lexer.go:245.0,246.0 1 0
github.com/regeda/expr/internal/lexer/lexer.go:247.0,248.0 1 0
github.com/regeda/expr/internal/lexer/lexer.go:249.0,250.0 1 0
github.com/regeda/expr/internal/lexer/lexer.go:251.0,252.0 1 0
github.com/regeda/expr/internal/lexer/lexer.go:253.0,254.0 1 0
github.com/regeda/expr/internal/lexer/lexer.go:255.0,256.0 1 0
github.com/regeda/expr/internal/lexer/lexer.go:257.0,258.0 1 0
github.com/regeda/expr/internal/lexer/lexer.go:259.0,260.0 1 0
github.com/regeda/expr/internal/lexer/lexer.go:261.0,262.0 1 0
github.com/regeda/expr/internal/lexer/lexer.go:263.0,264.0 1 0
github.com/regeda/expr/internal/lexer/lexer.go:265.0,266.0 1 0
github.com/regeda/expr/internal/lexer/lexer.go:267.0,268.0 1 0
github.com/regeda/expr/internal/lexer/lexer.go:269.0,270.0 1 0
github.com/regeda/expr/internal/lexer/lexer.go:271.0,272.0 1 0
github.com/regeda/expr/internal/lexer/lexer.go:273.0,274.0 1 0
github.com/regeda/expr/internal/lexer/lexer.go:275.0,276.0 1 0
github.com/regeda/expr/internal/lexer/lexer.go:277.0,278.0 1 0
github.com/regeda/expr/internal/lexer/lexer.go:279.0,280.0 1 0
github.com/regeda/expr/internal/lexer/lexer.go:281.0,282.0 1 0
github.com/regeda/expr/internal/lexer/lexer.go:283.0,284.0 1 0
github.com/regeda/expr/internal/lexer/lexer.go:285.0,286.0 1 0
github.com/regeda/expr/internal/lexer/lexer.go:287.0,288.0 1 0
github.com/regeda/expr/internal/lexer/lexer.go:289.0,290.0 1 0
github.com/regeda/expr/internal/lexer/lexer.go:291.0,292.0 1 0
github.com/regeda/expr/internal/lexer/lexer.go:293.0,294.0 1 0
github.com/regeda/expr/internal/lexer/lexer.go:295.0,296.0 1 0
github.com/regeda/expr/internal/lexer/lexer.go:297.0,298.0 1 0
github.com/regeda/expr/internal/lexer/lexer.go:299.0,300.0 1 0
github.com/regeda/expr/internal/lexer/lexer.go:301.0,302.0 1 0
github.com/regeda/expr/internal/lexer/lexer.go:303.0,304.0 1 0
github.com/regeda/expr/internal/lexer/lexer.go:305.0,306.0 1 0
github.com/regeda/expr/internal/lexer/lexer.go:307.0,308.0 1 0
github.com/regeda/expr/internal/lexer/lexer.go:309.0,310.0 1 0
github.com/regeda/expr/internal/lexer/lexer.go:311.0,312.0 1 0
github.com/regeda/expr/internal/lexer/lexer.go:313.0,314.0 1 0
github.com/regeda/expr/internal/lexer/lexer.go:315.0,316.0 1 0
github.com/regeda/expr/internal/lexer/lexer.go:317.0,318.0 1 0
github.com/regeda/expr/internal/lexer/lexer.go:319.0,320.0 1 0
github.com/regeda/expr/internal/lexer/lexer.go:321.0,322.0 1 0
github.com/regeda/expr/internal/lexer/lexer.go:323.0,324.0 1 0
github.com/regeda/expr/internal/lexer/lexer.go:328.0,329.0 1 1
github.com/regeda/expr/internal/lexer/lexer.go:333.0,334.0 1 1
github.com/regeda/expr/internal/lexer/lexer.go:335.0,336.0 1 3
github.com/regeda/expr/internal/lexer/lexer.go:337.0,338.0 1 0
github.com/regeda/expr/internal/lexer/lexer.go:339.0,340.0 1 0
github.com/regeda/expr/internal/lexer/lexer.go:341.0,342.0 1 4
github.com/regeda/expr/internal/lexer/lexer.go:343.0,344.0 1 0
github.com/regeda/expr/internal/lexer/lexer.go:345.0,346.0 1 16
github.com/regeda/expr/internal/lexer/lexer.go:347.0,348.0 1 3
github.com/regeda/expr/internal/lexer/lexer.go:351.0,352.0 1 0
github.com/regeda/expr/internal/lexer/lexer.go:355.0,356.0 1 0
github.com/regeda/expr/internal/lexer/lexer.go:364.0,365.0 1 2
github.com/regeda/expr/internal/lexer/lexer.go:352.0,353.0 1 0
github.com/regeda/expr/internal/lexer/lexer.go:357.0,358.0 1 0
github.com/regeda/expr/internal/lexer/lexer.go:361.0,362.0 1 0
github.com/regeda/expr/internal/lexer/lexer.go:358.0,359.0 1 0
github.com/regeda/expr/internal/lexer/lexer.go:373.0,374.0 1 0
github.com/regeda/expr/internal/lexer/lexer.go:377.0,378.0 1 0
github.com/regeda/expr/internal/lexer/lexer.go:58.0,59.0 1 1
github.com/regeda/expr/internal/lexer/lexer.go:391.0,392.0 1 2
github.com/regeda/expr/internal/lexer/lexer.go:88.0,88.0 3 11
github.com/regeda/expr/internal/lexer/lexer.go:88.0,88.1 3 4
github.com/regeda/expr/internal/lexer/lexer.go:60.0,61.2 1 15
github.com/regeda/expr/internal/lexer/lexer.go:58.0,59.1 1 0
github.com/regeda/expr/internal/lexer/lexer.go:448.0,449.0 1 0
github.com/regeda/expr/internal/lexer/lexer.go:58.0,59.2 1 0
github.com/regeda/expr/internal/lexer/lexer.go:462.0,463.0 1 0
github.com/regeda/expr/internal/lexer/lexer.go:58.0,59.3 1 0
github.com/regeda/expr/internal/lexer/lexer.go:477.0,478.0 1 4
github.com/regeda/expr/internal/lexer/lexer.go:479.0,480.0 1 11
github.com/regeda/expr/internal/lexer/lexer.go:481.0,482.0 1 0
github.com/regeda/expr/internal/lexer/lexer.go:485.0,486.0 1 0
github.com/regeda/expr/internal/lexer/lexer.go:489.0,490.0 1 20
github.com/regeda/expr/internal/lexer/lexer.go:498.0,499.0 1 0
github.com/regeda/expr/internal/lexer/lexer.go:486.0,487.0 1 0
github.com/regeda/expr/internal/lexer/lexer.go:491.0,492.0 1 20
github.com/regeda/expr/internal/lexer/lexer.go:495.0,496.0 1 0
github.com/regeda/expr/internal/lexer/lexer.go:492.0,493.0 1 20
github.com/regeda/expr/internal/lexer/lexer.go:62.0,63.6 1 0
github.com/regeda/expr/internal/lexer/lexer.go:513.0,514.0 1 0
github.com/regeda/expr/internal/lexer/lexer.go:515.0,516.0 1 4
github.com/regeda/expr/internal/lexer/lexer.go:518.0,519.0 1 0
github.com/regeda/expr/internal/lexer/lexer.go:63.0,64.6 1 0
github.com/regeda/expr/internal/lexer/lexer.go:533.0,534.0 1 0
github.com/regeda/expr/internal/lexer/lexer.go:535.0,536.0 1 0
github.com/regeda/expr/internal/lexer/lexer.go:537.0,538.0 1 0
github.com/regeda/expr/internal/lexer/lexer.go:539.0,540.0 1 0
github.com/regeda/expr/internal/lexer/lexer.go:541.0,542.0 1 0
github.com/regeda/expr/internal/lexer/lexer.go:543.0,544.0 1 1
github.com/regeda/expr/internal/lexer/lexer.go:545.0,546.0 1 0
github.com/regeda/expr/internal/lexer/lexer.go:549.0,550.0 1 3
github.com/regeda/expr/internal/lexer/lexer.go:553.0,554.0 1 0
github.com/regeda/expr/internal/lexer/lexer.go:550.0,551.0 1 3
github.com/regeda/expr/internal/lexer/lexer.go:558.0,559.0 1 0
github.com/regeda/expr/internal/lexer/lexer.go:562.0,563.0 1 0
github.com/regeda/expr/internal/lexer/lexer.go:58.0,59.4 1 0
github.com/regeda/expr/internal/lexer/lexer.go:576.0,577.0 1 0
github.com/regeda/expr/internal/lexer/lexer.go:66.0,67.0 1 0
github.com/regeda/expr/internal/lexer/lexer.go:605.0,606.0 1 0
github.com/regeda/expr/internal/lexer/lexer.go:607.0,608.0 1 0
github.com/regeda/expr/internal/lexer/lexer.go:609.0,610.0 1 0
github.com/regeda/expr/internal/lexer/lexer.go:612.0,613.0 1 0
github.com/regeda/expr/internal/lexer/lexer.go:66.0,67.1 1 0
github.com/regeda/expr/internal/lexer/lexer.go:631.0,632.0 1 0
github.com/regeda/expr/internal/lexer/lexer.go:633.0,634.0 1 0
github.com/regeda/expr/internal/lexer/lexer.go:635.0,636.0 1 0
github.com/regeda/expr/internal/lexer/lexer.go:637.0,638.0 1 0
github.com/regeda/expr/internal/lexer/lexer.go:639.0,640.0 1 0
github.com/regeda/expr/internal/lexer/lexer.go:641.0,642.0 1 0
github.com/regeda/expr/internal/lexer/lexer.go:645.0,646.0 1 2
github.com/regeda/expr/internal/lexer/lexer.go:649.0,650.0 1 0
github.com/regeda/expr/internal/lexer/lexer.go:646.0,647.0 1 2
github.com/regeda/expr/internal/lexer/lexer.go:58.0,59.5 1 0
github.com/regeda/expr/internal/lexer/lexer.go:663.0,664.0 1 0
github.com/regeda/expr/internal/lexer/lexer.go:58.0,59.6 1 1
github.com/regeda/expr/internal/lexer/lexer.go:678.0,679.0 1 1
github.com/regeda/expr/internal/lexer/lexer.go:680.0,681.0 1 2
github.com/regeda/expr/internal/lexer/lexer.go:682.0,683.0 1 1
github.com/regeda/expr/internal/lexer/lexer.go:686.0,687.0 1 0
github.com/regeda/expr/internal/lexer/lexer.go:690.0,691.0 1 0
github.com/regeda/expr/internal/lexer/lexer.go:687.0,688.0 1 0
github.com/regeda/expr/internal/lexer/lexer.go:58.0,59.7 1 0
github.com/regeda/expr/internal/lexer/lexer.go:704.0,705.0 1 0
github.com/regeda/expr/internal/lexer/lexer.go:709.0,710.0 1 0
github.com/regeda/expr/internal/lexer/lexer.go:713.0,714.0 1 0
github.com/regeda/expr/internal/lexer/lexer.go:718.0,719.0 1 0
github.com/regeda/expr/internal/lexer/lexer.go:722.0,723.0 1 0
github.com/regeda/expr/internal/lexer/lexer.go:727.0,728.0 1 0
github.com/regeda/expr/internal/lexer/lexer.go:731.0,732.0 1 0
github.com/regeda/expr/internal/lexer/lexer.go:736.0,737.0 1 0
github.com/regeda/expr/internal/lexer/lexer.go:741.0,742.0 1 0
github.com/regeda/expr/internal/lexer/lexer.go:743.0,744.0 1 0
github.com/regeda/expr/internal/lexer/lexer.go:745.0,746.0 1 0
github.com/regeda/expr/internal/lexer/lexer.go:748.0,749.0 1 0
github.com/regeda/expr/internal/lexer/lexer.go:58.0,59.8 1 0
github.com/regeda/expr/internal/lexer/lexer.go:762.0,763.0 1 0
github.com/regeda/expr/internal/lexer/lexer.go:767.0,768.0 1 0
github.com/regeda/expr/internal/lexer/lexer.go:771.0,772.0 1 0
github.com/regeda/expr/internal/lexer/lexer.go:58.0,59.9 1 0
github.com/regeda/expr/internal/lexer/lexer.go:786.0,787.0 1 0
github.com/regeda/expr/internal/lexer/lexer.go:788.0,789.0 1 0
github.com/regeda/expr/internal/lexer/lexer.go:790.0,791.0 1 0
github.com/regeda/expr/internal/lexer/lexer.go:792.0,793.0 1 2
github.com/regeda/expr/internal/lexer/lexer.go:796.0,797.0 1 0
github.com/regeda/expr/internal/lexer/lexer.go:800.0,801.0 1 14
github.com/regeda/expr/internal/lexer/lexer.go:809.0,810.0 1 0
github.com/regeda/expr/internal/lexer/lexer.go:797.0,798.0 1 0
github.com/regeda/expr/internal/lexer/lexer.go:802.0,803.0 1 14
github.com/regeda/expr/internal/lexer/lexer.go:806.0,807.0 1 0
github.com/regeda/expr/internal/lexer/lexer.go:803.0,804.0 1 14
github.com/regeda/expr/internal/lexer/lexer.go:814.0,815.0 1 0
github.com/regeda/expr/internal/lexer/lexer.go:819.0,820.0 1 0
github.com/regeda/expr/internal/lexer/lexer.go:821.0,822.0 1 0
github.com/regeda/expr/internal/lexer/lexer.go:823.0,824.0 1 0
github.com/regeda/expr/internal/lexer/lexer.go:825.0,826.0 1 2
github.com/regeda/expr/internal/lexer/lexer.go:829.0,830.0 1 0
github.com/regeda/expr/internal/lexer/lexer.go:833.0,834.0 1 0
github.com/regeda/expr/internal/lexer/lexer.go:842.0,843.0 1 0
github.com/regeda/expr/internal/lexer/lexer.go:830.0,831.0 1 0
github.com/regeda/expr/internal/lexer/lexer.go:835.0,836.0 1 0
github.com/regeda/expr/internal/lexer/lexer.go:839.0,840.0 1 0
github.com/regeda/expr/internal/lexer/lexer.go:836.0,837.0 1 0
github.com/regeda/expr/internal/lexer/lexer.go:847.0,848.0 1 0
github.com/regeda/expr/internal/lexer/lexer.go:852.0,853.0 1 0
github.com/regeda/expr/internal/lexer/lexer.go:854.0,855.0 1 0
github.com/regeda/expr/internal/lexer/lexer.go:856.0,857.0 1 0
github.com/regeda/expr/internal/lexer/lexer.go:858.0,859.0 1 2
github.com/regeda/expr/internal/lexer/lexer.go:862.0,863.0 1 0
github.com/regeda/expr/internal/lexer/lexer.go:866.0,867.0 1 0
github.com/regeda/expr/internal/lexer/lexer.go:875.0,876.0 1 0
github.com/regeda/expr/internal/lexer/lexer.go:863.0,864.0 1 0
github.com/regeda/expr/internal/lexer/lexer.go:868.0,869.0 1 0
github.com/regeda/expr/internal/lexer/lexer.go:872.0,873.0 1 0
github.com/regeda/expr/internal/lexer/lexer.go:869.0,870.0 1 0
github.com/regeda/expr/internal/lexer/lexer.go:880.0,881.0 1 1
github.com/regeda/expr/internal/lexer/lexer.go:885.0,886.0 1 0
github.com/regeda/expr/internal/lexer/lexer.go:887.0,888.0 1 0
github.com/regeda/expr/internal/lexer/lexer.go:889.0,890.0 1 0
github.com/regeda/expr/internal/lexer/lexer.go:891.0,892.0 1 4
github.com/regeda/expr/internal/lexer/lexer.go:895.0,896.0 1 0
github.com/regeda/expr/internal/lexer/lexer.go:899.0,900.0 1 0
github.com/regeda/expr/internal/lexer/lexer.go:908.0,909.0 1 0
github.com/regeda/expr/internal/lexer/lexer.go:896.0,897.0 1 0
github.com/regeda/expr/internal/lexer/lexer.go:901.0,902.0 1 0
github.com/regeda/expr/internal/lexer/lexer.go:905.0,906.0 1 0
github.com/regeda/expr/internal/lexer/lexer.go:902.0,903.0 1 0
github.com/regeda/expr/internal/lexer/lexer.go:913.0,914.0 1 2
github.com/regeda/expr/internal/lexer/lexer.go:917.0,918.0 1 0
github.com/regeda/expr/internal/lexer/lexer.go:921.0,922.0 1 1
github.com/regeda/expr/internal/lexer/lexer.go:925.0,926.0 1 1
github.com/regeda/expr/internal/lexer/lexer.go:929.0,930.0 1 0
github.com/regeda/expr/internal/lexer/lexer.go:922.0,923.0 1 0
github.com/regeda/expr/internal/lexer/lexer.go:926.0,927.0 1 1
github.com/regeda/expr/internal/lexer/lexer.go:58.0,59.10 1 0
github.com/regeda/expr/internal/lexer/lexer.go:944.0,945.0 1 0
github.com/regeda/expr/internal/lexer/lexer.go:946.0,947.0 1 0
github.com/regeda/expr/internal/lexer/lexer.go:948.0,949.0 1 0
github.com/regeda/expr/internal/lexer/lexer.go:950.0,951.0 1 3
github.com/regeda/expr/internal/lexer/lexer.go:954.0,955.0 1 0
github.com/regeda/expr/internal/lexer/lexer.go:958.0,959.0 1 0
github.com/regeda/expr/internal/lexer/lexer.go:967.0,968.0 1 0
github.com/regeda/expr/internal/lexer/lexer.go:955.0,956.0 1 0
github.com/regeda/expr/internal/lexer/lexer.go:960.0,961.0 1 0
github.com/regeda/expr/internal/lexer/lexer.go:964.0,965.0 1 0
github.com/regeda/expr/internal/lexer/lexer.go:961.0,962.0 1 0
github.com/regeda/expr/internal/lexer/lexer.go:972.0,973.0 1 0
github.com/regeda/expr/internal/lexer/lexer.go:977.0,978.0 1 0
github.com/regeda/expr/internal/lexer/lexer.go:979.0,980.0 1 0
github.com/regeda/expr/internal/lexer/lexer.go:981.0,982.0 1 0
github.com/regeda/expr/internal/lexer/lexer.go:983.0,984.0 1 3
github.com/regeda/expr/internal/lexer/lexer.go:987.0,988.0 1 0
github.com/regeda/expr/internal/lexer/lexer.go:991.0,992.0 1 0
github.com/regeda/expr/internal/lexer/lexer.go:1000.0,1001.0 1 0
github.com/regeda/expr/internal/lexer/lexer.go:988.0,989.0 1 0
github.com/regeda/expr/internal/lexer/lexer.go:993.0,994.0 1 0
github.com/regeda/expr/internal/lexer/lexer.go:997.0,998.0 1 0
github.com/regeda/expr/internal/lexer/lexer.go:994.0,995.0 1 0
github.com/regeda/expr/internal/lexer/lexer.go:1005.0,1006.0 1 1
github.com/regeda/expr/internal/lexer/lexer.go:1010.0,1011.0 1 8
github.com/regeda/expr/internal/lexer/lexer.go:1012.0,1013.0 1 2
github.com/regeda/expr/internal/lexer/lexer.go:1014.0,1015.0 1 2
github.com/regeda/expr/internal/lexer/lexer.go:1016.0,1017.0 1 0
github.com/regeda/expr/internal/lexer/lexer.go:1018.0,1019.0 1 0
github.com/regeda/expr/internal/lexer/lexer.go:1020.0,1021.0 1 5
github.com/regeda/expr/internal/lexer/lexer.go:1022.0,1023.0 1 0
github.com/regeda/expr/internal/lexer/lexer.go:1024.0,1025.0 1 0
github.com/regeda/expr/internal/lexer/lexer.go:1026.0,1027.0 1 3
github.com/regeda/expr/internal/lexer/lexer.go:1030.0,1031.0 1 0
github.com/regeda/expr/internal/lexer/lexer.go:1034.0,1035.0 1 4
github.com/regeda/expr/internal/lexer/lexer.go:1043.0,1044.0 1 5
github.com/regeda/expr/internal/lexer/lexer.go:1031.0,1032.0 1 0
github.com/regeda/expr/internal/lexer/lexer.go:1036.0,1037.0 1 4
github.com/regeda/expr/internal/lexer/lexer.go:1040.0,1041.0 1 0
github.com/regeda/expr/internal/lexer/lexer.go:1037.0,1038.0 1 4
github.com/regeda/expr/internal/lexer/lexer.go:1048.0,1049.0 1 0
github.com/regeda/expr/internal/lexer/lexer.go:1052.0,1053.0 1 0
github.com/regeda/expr/internal/lexer/lexer.go:58.0,59.11 1 0
github.com/regeda/expr/internal/lexer/lexer.go:1066.0,1067.0 1 3
github.com/regeda/expr/internal/lexer/lexer.go:88.0,88.2 3 3
github.com/regeda/expr/internal/lexer/lexer.go:88.0,88.3 3 4
github.com/regeda/expr/internal/lexer/lexer.go:60.0,61.3 1 1
github.com/regeda/expr/internal/lexer/lexer.go:1121.0,1122.0 1 8
github.com/regeda/expr/internal/lexer/lexer.go:1123.0,1124.0 1 14
github.com/regeda/expr/internal/lexer/lexer.go:1125.0,1126.0 1 6
github.com/regeda/expr/internal/lexer/lexer.go:1128.0,1129.0 1 0
github.com/regeda/expr/internal/lexer/lexer.go:90.0,90.0 3 16
github.com/regeda/expr/internal/lexer/lexer.go:90.0,90.1 3 2
github.com/regeda/expr/internal/lexer/lexer.go:90.0,90.2 3 2
github.com/regeda/expr/internal/lexer/lexer.go:93.0,94.0 1 0
github.com/regeda/expr/internal/lexer/lexer.go:66.0,67.2 1 0
github.com/regeda/expr/internal/lexer/lexer.go:1176.0,1177.0 1 6
github.com/regeda/expr/internal/lexer/lexer.go:1178.0,1179.0 1 1
github.com/regeda/expr/internal/lexer/lexer.go:1180.0,1181.0 1 0
github.com/regeda/expr/internal/lexer/lexer.go:1182.0,1183.0 1 0
github.com/regeda/expr/internal/lexer/lexer.go:1184.0,1185.0 1 2
github.com/regeda/expr/internal/lexer/lexer.go:1186.0,1187.0 1 0
github.com/regeda/expr/internal/lexer/lexer.go:1188.0,1189.0 1 0
github.com/regeda/expr/internal/lexer/lexer.go:1190.0,1191.0 1 0
github.com/regeda/expr/internal/lexer/lexer.go:1194.0,1195.0 1 0
github.com/regeda/expr/internal/lexer/lexer.go:1198.0,1199.0 1 3
github.com/regeda/expr/internal/lexer/lexer.go:1207.0,1208.0 1 0
github.com/regeda/expr/internal/lexer/lexer.go:1195.0,1196.0 1 0
github.com/regeda/expr/internal/lexer/lexer.go:1200.0,1201.0 1 3
github.com/regeda/expr/internal/lexer/lexer.go:1204.0,1205.0 1 0
github.com/regeda/expr/internal/lexer/lexer.go:1201.0,1202.0 1 3
github.com/regeda/expr/internal/lexer/lexer.go:58.0,59.12 1 0
github.com/regeda/expr/internal/lexer/lexer.go:1221.0,1222.0 1 0
github.com/regeda/expr/internal/lexer/lexer.go:58.0,59.13 1 0
github.com/regeda/expr/internal/lexer/lexer.go:1236.0,1237.0 1 3
github.com/regeda/expr/internal/lexer/lexer.go:1238.0,1239.0 1 2
github.com/regeda/expr/internal/lexer/lexer.go:1240.0,1241.0 1 0
github.com/regeda/expr/internal/lexer/lexer.go:1244.0,1245.0 1 0
github.com/regeda/expr/internal/lexer/lexer.go:1248.0,1249.0 1 0
github.com/regeda/expr/internal/lexer/lexer.go:1245.0,1246.0 1 0
github.com/regeda/expr/internal/lexer/lexer.go:58.0,59.14 1 0
github.com/regeda/expr/internal/lexer/lexer.go:1263.0,1264.0 1 4
github.com/regeda/expr/internal/lexer/lexer.go:1265.0,1266.0 1 3
github.com/regeda/expr/internal/lexer/lexer.go:1267.0,1268.0 1 0
github.com/regeda/expr/internal/lexer/lexer.go:1271.0,1272.0 1 0
github.com/regeda/expr/internal/lexer/lexer.go:1275.0,1276.0 1 14
github.com/regeda/expr/internal/lexer/lexer.go:1284.0,1285.0 1 0
github.com/regeda/expr/internal/lexer/lexer.go:1272.0,1273.0 1 0
github.com/regeda/expr/internal/lexer/lexer.go:1277.0,1278.0 1 14
github.com/regeda/expr/internal/lexer/lexer.go:1281.0,1282.0 1 0
github.com/regeda/expr/internal/lexer/lexer.go:1278.0,1279.0 1 14
github.com/regeda/expr/internal/lexer/lexer.go:62.0,63.7 1 0
github.com/regeda/expr/internal/lexer/lexer.go:1299.0,1300.0 1 0
github.com/regeda/expr/internal/lexer/lexer.go:1301.0,1302.0 1 4
github.com/regeda/expr/internal/lexer/lexer.go:1304.0,1305.0 1 0
github.com/regeda/expr/internal/lexer/lexer.go:63.0,64.7 1 0
github.com/regeda/expr/internal/lexer/lexer.go:1319.0,1320.0 1 2
github.com/regeda/expr/internal/lexer/lexer.go:1321.0,1322.0 1 1
github.com/regeda/expr/internal/lexer/lexer.go:1323.0,1324.0 1 0
github.com/regeda/expr/internal/lexer/lexer.go:1325.0,1326.0 1 0
github.com/regeda/expr/internal/lexer/lexer.go:1327.0,1328.0 1 1
github.com/regeda/expr/internal/lexer/lexer.go:1329.0,1330.0 1 0
github.com/regeda/expr/internal/lexer/lexer.go:1331.0,1332.0 1 0
github.com/regeda/expr/internal/lexer/lexer.go:1335.0,1336.0 1 5
github.com/regeda/expr/internal/lexer/lexer.go:1339.0,1340.0 1 0
github.com/regeda/expr/internal/lexer/lexer.go:1336.0,1337.0 1 5
github.com/regeda/expr/internal/lexer/lexer.go:1344.0,1345.0 1 0
github.com/regeda/expr/internal/lexer/lexer.go:1348.0,1349.0 1 0
github.com/regeda/expr/internal/lexer/lexer.go:58.0,59.15 1 0
github.com/regeda/expr/internal/lexer/lexer.go:1362.0,1363.0 1 1
github.com/regeda/expr/internal/lexer/lexer.go:66.0,67.3 1 0
github.com/regeda/expr/internal/lexer/lexer.go:1391.0,1392.0 1 1
github.com/regeda/expr/internal/lexer/lexer.go:1393.0,1394.0 1 1
github.com/regeda/expr/internal/lexer/lexer.go:1395.0,1396.0 1 2
github.com/regeda/expr/internal/lexer/lexer.go:1398.0,1399.0 1 0
github.com/regeda/expr/internal/lexer/lexer.go:66.0,67.4 1 0
github.com/regeda/expr/internal/lexer/lexer.go:1417.0,1418.0 1 4
github.com/regeda/expr/internal/lexer/lexer.go:1419.0,1420.0 1 0
github.com/regeda/expr/internal/lexer/lexer.go:1421.0,1422.0 1 0
github.com/regeda/expr/internal/lexer/lexer.go:1423.0,1424.0 1 0
github.com/regeda/expr/internal/lexer/lexer.go:1425.0,1426.0 1 0
github.com/regeda/expr/internal/lexer/lexer.go:1427.0,1428.0 1 1
github.com/regeda/expr/internal/lexer/lexer.go:1431.0,1432.0 1 5
github.com/regeda/expr/internal/lexer/lexer.go:1435.0,1436.0 1 0
github.com/regeda/expr/internal/lexer/lexer.go:1432.0,1433.0 1 5
github.com/regeda/expr/internal/lexer/lexer.go:58.0,59.16 1 0
github.com/regeda/expr/internal/lexer/lexer.go:1449.0,1450.0 1 0
github.com/regeda/expr/internal/lexer/lexer.go:58.0,59.17 1 0
github.com/regeda/expr/internal/lexer/lexer.go:1464.0,1465.0 1 1
github.com/regeda/expr/internal/lexer/lexer.go:1466.0,1467.0 1 5
github.com/regeda/expr/internal/lexer/lexer.go:1468.0,1469.0 1 4
github.com/regeda/expr/internal/lexer/lexer.go:1472.0,1473.0 1 0
github.com/regeda/expr/internal/lexer/lexer.go:1476.0,1477.0 1 0
github.com/regeda/expr/internal/lexer/lexer.go:1473.0,1474.0 1 0
github.com/regeda/expr/internal/lexer/lexer.go:58.0,59.18 1 0
github.com/regeda/expr/internal/lexer/lexer.go:1490.0,1491.0 1 0
github.com/regeda/expr/internal/lexer/lexer.go:1495.0,1496.0 1 0
github.com/regeda/expr/internal/lexer/lexer.go:1499.0,1500.0 1 0
github.com/regeda/expr/internal/lexer/lexer.go:1504.0,1505.0 1 0
github.com/regeda/expr/internal/lexer/lexer.go:1508.0,1509.0 1 0
github.com/regeda/expr/internal/lexer/lexer.go:1513.0,1514.0 1 0
github.com/regeda/expr/internal/lexer/lexer.go:1517.0,1518.0 1 1
github.com/regeda/expr/internal/lexer/lexer.go:1522.0,1523.0 1 0
github.com/regeda/expr/internal/lexer/lexer.go:1527.0,1528.0 1 1
github.com/regeda/expr/internal/lexer/lexer.go:1529.0,1530.0 1 0
github.com/regeda/expr/internal/lexer/lexer.go:1531.0,1532.0 1 0
github.com/regeda/expr/internal/lexer/lexer.go:1534.0,1535.0 1 0
github.com/regeda/expr/internal/lexer/lexer.go:58.0,59.19 1 0
github.com/regeda/expr/internal/lexer/lexer.go:1548.0,1549.0 1 1
github.com/regeda/expr/internal/lexer/lexer.go:1553.0,1554.0 1 0
github.com/regeda/expr/internal/lexer/lexer.go:1557.0,1558.0 1 1
github.com/regeda/expr/internal/lexer/lexer.go:58.0,59.20 1 0
github.com/regeda/expr/internal/lexer/lexer.go:1572.0,1573.0 1 0
github.com/regeda/expr/internal/lexer/lexer.go:1574.0,1575.0 1 0
github.com/regeda/expr/internal/lexer/lexer.go:1576.0,1577.0 1 0
github.com/regeda/expr/internal/lexer/lexer.go:1578.0,1579.0 1 0
github.com/regeda/expr/internal/lexer/lexer.go:1582.0,1583.0 1 0
github.com/regeda/expr/internal/lexer/lexer.go:1586.0,1587.0 1 0
github.com/regeda/expr/internal/lexer/lexer.go:1595.0,1596.0 1 0
github.com/regeda/expr/internal/lexer/lexer.go:1583.0,1584.0 1 0
github.com/regeda/expr/internal/lexer/lexer.go:1588.0,1589.0 1 0
github.com/regeda/expr/internal/lexer/lexer.go:1592.0,1593.0 1 0
github.com/regeda/expr/internal/lexer/lexer.go:1589.0,1590.0 1 0
github.com/regeda/expr/internal/lexer/lexer.go:1600.0,1601.0 1 0
github.com/regeda/expr/internal/lexer/lexer.go:1605.0,1606.0 1 0
github.com/regeda/expr/internal/lexer/lexer.go:1607.0,1608.0 1 0
github.com/regeda/expr/internal/lexer/lexer.go:1609.0,1610.0 1 0
github.com/regeda/expr/internal/lexer/lexer.go:1611.0,1612.0 1 0
github.com/regeda/expr/internal/lexer/lexer.go:1615.0,1616.0 1 0
github.com/regeda/expr/internal/lexer/lexer.go:1619.0,1620.0 1 0
github.com/regeda/expr/internal/lexer/lexer.go:1628.0,1629.0 1 0
github.com/regeda/expr/internal/lexer/lexer.go:1616.0,1617.0 1 0
github.com/regeda/expr/internal/lexer/lexer.go:1621.0,1622.0 1 0
github.com/regeda/expr/internal/lexer/lexer.go:1625.0,1626.0 1 0
github.com/regeda/expr/internal/lexer/lexer.go:1622.0,1623.0 1 0
github.com/regeda/expr/internal/lexer/lexer.go:1633.0,1634.0 1 0
github.com/regeda/expr/internal/lexer/lexer.go:1638.0,1639.0 1 0
github.com/regeda/expr/internal/lexer/lexer.go:1640.0,1641.0 1 0
github.com/regeda/expr/internal/lexer/lexer.go:1642.0,1643.0 1 0
github.com/regeda/expr/internal/lexer/lexer.go:1644.0,1645.0 1 0
github.com/regeda/expr/internal/lexer/lexer.go:1648.0,1649.0 1 0
github.com/regeda/expr/internal/lexer/lexer.go:1652.0,1653.0 1 0
github.com/regeda/expr/internal/lexer/lexer.go:1661.0,1662.0 1 0
github.com/regeda/expr/internal/lexer/lexer.go:1649.0,1650.0 1 0
github.com/regeda/expr/internal/lexer/lexer.go:1654.0,1655.0 1 0
github.com/regeda/expr/internal/lexer/lexer.go:1658.0,1659.0 1 0
github.com/regeda/expr/internal/lexer/lexer.go:1655.0,1656.0 1 0
github.com/regeda/expr/internal/lexer/lexer.go:1666.0,1667.0 1 0
github.com/regeda/expr/internal/lexer/lexer.go:1671.0,1672.0 1 0
github.com/regeda/expr/internal/lexer/lexer.go:1673.0,1674.0 1 0
github.com/regeda/expr/internal/lexer/lexer.go:1675.0,1676.0 1 0
github.com/regeda/expr/internal/lexer/lexer.go:1677.0,1678.0 1 3
github.com/regeda/expr/internal/lexer/lexer.go:1681.0,1682.0 1 0
github.com/regeda/expr/internal/lexer/lexer.go:1685.0,1686.0 1 0
github.com/regeda/expr/internal/lexer/lexer.go:1694.0,1695.0 1 0
github.com/regeda/expr/internal/lexer/lexer.go:1682.0,1683.0 1 0
github.com/regeda/expr/internal/lexer/lexer.go:1687.0,1688.0 1 0
github.com/regeda/expr/internal/lexer/lexer.go:1691.0,1692.0 1 0
github.com/regeda/expr/internal/lexer/lexer.go:1688.0,1689.0 1 0
github.com/regeda/expr/internal/lexer/lexer.go:1699.0,1700.0 1 0
github.com/regeda/expr/internal/lexer/lexer.go:1704.0,1705.0 1 1
github.com/regeda/expr/internal/lexer/lexer.go:1706.0,1707.0 1 2
github.com/regeda/expr/internal/lexer/lexer.go:1708.0,1709.0 1 0
github.com/regeda/expr/internal/lexer/lexer.go:1710.0,1711.0 1 0
github.com/regeda/expr/internal/lexer/lexer.go:1714.0,1715.0 1 0
github.com/regeda/expr/internal/lexer/lexer.go:1718.0,1719.0 1 0
github.com/regeda/expr/internal/lexer/lexer.go:1727.0,1728.0 1 0
github.com/regeda/expr/internal/lexer/lexer.go:1715.0,1716.0 1 0
github.com/regeda/expr/internal/lexer/lexer.go:1720.0,1721.0 1 0
github.com/regeda/expr/internal/lexer/lexer.go:1724.0,1725.0 1 0
github.com/regeda/expr/internal/lexer/lexer.go:1721.0,1722.0 1 0
github.com/regeda/expr/internal/lexer/lexer.go:58.0,59.21 1 0
github.com/regeda/expr/internal/lexer/lexer.go:1742.0,1743.0 1 0
github.com/regeda/expr/internal/lexer/lexer.go:1744.0,1745.0 1 0
github.com/regeda/expr/internal/lexer/lexer.go:1746.0,1747.0 1 0
github.com/regeda/expr/internal/lexer/lexer.go:1748.0,1749.0 1 3
github.com/regeda/expr/internal/lexer/lexer.go:1752.0,1753.0 1 0
github.com/regeda/expr/internal/lexer/lexer.go:1756.0,1757.0 1 0
github.com/regeda/expr/internal/lexer/lexer.go:1765.0,1766.0 1 0
github.com/regeda/expr/internal/lexer/lexer.go:1753.0,1754.0 1 0
github.com/regeda/expr/internal/lexer/lexer.go:1758.0,1759.0 1 0
github.com/regeda/expr/internal/lexer/lexer.go:1762.0,1763.0 1 0
github.com/regeda/expr/internal/lexer/lexer.go:1759.0,1760.0 1 0
github.com/regeda/expr/internal/lexer/lexer.go:1770.0,1771.0 1 0
github.com/regeda/expr/internal/lexer/lexer.go:1775.0,1776.0 1 0
github.com/regeda/expr/internal/lexer/lexer.go:1777.0,1778.0 1 0
github.com/regeda/expr/internal/lexer/lexer.go:1779.0,1780.0 1 0
github.com/regeda/expr/internal/lexer/lexer.go:1781.0,1782.0 1 3
github.com/regeda/expr/internal/lexer/lexer.go:1785.0,1786.0 1 0
github.com/regeda/expr/internal/lexer/lexer.go:1789.0,1790.0 1 0
github.com/regeda/expr/internal/lexer/lexer.go:1798.0,1799.0 1 0
github.com/regeda/expr/internal/lexer/lexer.go:1786.0,1787.0 1 0
github.com/regeda/expr/internal/lexer/lexer.go:1791.0,1792.0 1 0
github.com/regeda/expr/internal/lexer/lexer.go:1795.0,1796.0 1 0
github.com/regeda/expr/internal/lexer/lexer.go:1792.0,1793.0 1 0
github.com/regeda/expr/internal/lexer/lexer.go:1864.0,1864.0 0 24
github.com/regeda/expr/internal/lexer/lexer.go:1865.0,1866.0 1 24
github.com/regeda/expr/internal/lexer/lexer.go:1867.0,62.0 1 0
github.com/regeda/expr/internal/lexer/lexer.go:63.0,63.2 1 2
github.com/regeda/expr/internal/lexer/lexer.go:1877.0,1877.0 0 30
github.com/regeda/expr/internal/lexer/lexer.go:98.0,100.0 1 2
github.com/regeda/expr/internal/lexer/lexer.go:102.0,104.0 1 11
github.com/regeda/expr/exec/stack.go:18.25,20.2 1 11
github.com/regeda/expr/exec/stack.go:22.44,23.31 1 41
github.com/regeda/expr/exec/stack.go:26.2,28.12 3 41
github.com/regeda/expr/exec/stack.go:23.31,25.3 1 0
github.com/regeda/expr/exec/stack.go:31.37,33.2 1 24
github.com/regeda/expr/exec/stack.go:35.55,36.16 1 24
github.com/regeda/expr/exec/stack.go:39.2,42.15 4 24
github.com/regeda/expr/exec/stack.go:36.16,38.3 1 0
github.com/regeda/expr/exec/vm.go:23.56,27.2 1 1
github.com/regeda/expr/exec/vm.go:29.22,32.2 2 11
github.com/regeda/expr/exec/vm.go:34.35,37.29 2 11
github.com/regeda/expr/exec/vm.go:41.2,43.38 2 11
github.com/regeda/expr/exec/vm.go:47.2,47.12 1 11
github.com/regeda/expr/exec/vm.go:37.29,39.3 1 0
github.com/regeda/expr/exec/vm.go:43.38,45.3 1 0
github.com/regeda/expr/exec/vm.go:50.48,52.16 2 11
github.com/regeda/expr/exec/vm.go:55.2,55.20 1 11
github.com/regeda/expr/exec/vm.go:52.16,54.3 1 0
github.com/regeda/expr/exec/vm.go:58.55,63.41 3 11
github.com/regeda/expr/exec/vm.go:67.2,68.20 2 11
github.com/regeda/expr/exec/vm.go:72.2,72.33 1 11
github.com/regeda/expr/exec/vm.go:83.2,83.30 1 0
github.com/regeda/expr/exec/vm.go:63.41,65.3 1 0
github.com/regeda/expr/exec/vm.go:68.20,70.3 1 0
github.com/regeda/expr/exec/vm.go:72.33,74.17 2 52
github.com/regeda/expr/exec/vm.go:80.3,80.21 1 41
github.com/regeda/expr/exec/vm.go:74.17,75.23 1 11
github.com/regeda/expr/exec/vm.go:78.4,78.66 1 0
github.com/regeda/expr/exec/vm.go:75.23,77.5 1 11
github.com/regeda/expr/exec/vm.go:86.53,88.31 2 52
github.com/regeda/expr/exec/vm.go:92.2,93.21 2 52
github.com/regeda/expr/exec/vm.go:97.2,98.16 2 52
github.com/regeda/expr/exec/vm.go:88.31,90.3 1 0
github.com/regeda/expr/exec/vm.go:93.21,95.3 1 0
github.com/regeda/expr/exec/vm.go:99.29,102.15 3 2
github.com/regeda/expr/exec/vm.go:105.3,105.32 1 1
github.com/regeda/expr/exec/vm.go:106.28,109.43 3 17
github.com/regeda/expr/exec/vm.go:110.28,113.39 3 9
github.com/regeda/expr/exec/vm.go:114.31,118.17 4 5
github.com/regeda/expr/exec/vm.go:121.3,121.39 1 5
github.com/regeda/expr/exec/vm.go:122.28,126.16 4 8
github.com/regeda/expr/exec/vm.go:129.3,130.10 2 8
github.com/regeda/expr/exec/vm.go:133.3,135.17 3 8
github.com/regeda/expr/exec/vm.go:138.3,138.45 1 8
github.com/regeda/expr/exec/vm.go:139.24,140.23 1 11
github.com/regeda/expr/exec/vm.go:141.10,142.61 1 0
github.com/regeda/expr/exec/vm.go:102.15,104.4 1 1
github.com/regeda/expr/exec/vm.go:118.17,120.4 1 0
github.com/regeda/expr/exec/vm.go:126.16,128.4 1 0
github.com/regeda/expr/exec/vm.go:130.10,132.4 1 0
github.com/regeda/expr/exec/vm.go:135.17,137.4 1 0
